C51 COMPILER V9.57.0.0   MAIN                                                              01/23/2021 13:31:27 PAGE 1   


C51 COMPILER V9.57.0.0, COMPILATION OF MODULE MAIN
OBJECT MODULE PLACED IN main.OBJ
COMPILER INVOKED BY: D:\Keil_v5\C51\BIN\C51.EXE main.c BROWSE DEBUG OBJECTEXTEND

line level    source

   1          #include <reg52.h>
   2          #include <intrins.h>
   3          
   4          typedef char u8;
   5          typedef int u16;
   6          
   7          #define GPIO_DIG P0
   8          #define GPIO_KEY P1
   9          
  10          u8 KeyValue;
  11          
  12          
  13          u8 code smgduan[16] = {0x3f,0x06,0x5b,0x4f,0x66,0x6d,0x7d,0x07,0x7f,0x6f,
  14                                                  0x77,0x7c,0x39,0x5e,0x79,0x71};
  15          void delay(u16 i)
  16          {
  17   1              while (i--);
  18   1      }
  19          void KeyDown()
  20          {
  21   1               char a=0;
  22   1               GPIO_KEY=0x0f;         
  23   1      
  24   1              if (GPIO_KEY!=0x0f)
  25   1              {
  26   2               delay(1000);
  27   2               if (GPIO_KEY!=0x0f)
  28   2              {           
  29   3                  switch (GPIO_KEY)
  30   3      
  31   3               {      case(0x07): KeyValue=0;break;
  32   4                      case(0x0b): KeyValue=1;break;
  33   4                      case(0x0d): KeyValue=2;break;
  34   4                      case(0x0e): KeyValue=3;break;
  35   4                      }
  36   3              
  37   3                      GPIO_KEY=0xf0;
  38   3                switch (GPIO_KEY)
  39   3                {
  40   4                      case(0x70): KeyValue=KeyValue;break;
  41   4                      case(0xb0): KeyValue=KeyValue+4;break;
  42   4                      case(0xd0): KeyValue=KeyValue+8;break;
  43   4                      case(0xe0): KeyValue=KeyValue+12;break;
  44   4                }
  45   3                 while((a<50)&&(GPIO_KEY!=0xf0))
  46   3                 {
  47   4                       delay(1000);
  48   4                       a++;
  49   4                 }
  50   3                }
  51   2                 
  52   2      }
  53   1      }
  54           
  55           
C51 COMPILER V9.57.0.0   MAIN                                                              01/23/2021 13:31:27 PAGE 2   

  56           void main ()
  57          {
  58   1      
  59   1       while(1)
  60   1       {
  61   2         KeyDown();
  62   2         GPIO_DIG=~smgduan[KeyValue]; 
  63   2      
  64   2              }
  65   1         }
  66           


MODULE INFORMATION:   STATIC OVERLAYABLE
   CODE SIZE        =    162    ----
   CONSTANT SIZE    =     16    ----
   XDATA SIZE       =   ----    ----
   PDATA SIZE       =   ----    ----
   DATA SIZE        =      1       1
   IDATA SIZE       =   ----    ----
   BIT SIZE         =   ----    ----
END OF MODULE INFORMATION.


C51 COMPILATION COMPLETE.  0 WARNING(S),  0 ERROR(S)
