C51 COMPILER V9.57.0.0   MAIN                                                              12/27/2020 22:35:11 PAGE 1   


C51 COMPILER V9.57.0.0, COMPILATION OF MODULE MAIN
OBJECT MODULE PLACED IN main.OBJ
COMPILER INVOKED BY: D:\Keil_v5\C51\BIN\C51.EXE main.c BROWSE DEBUG OBJECTEXTEND

line level    source

   1          #include <reg52.h>
   2          
   3          typedef unsigned char u8;
   4          typedef unsigned int u16;
   5          
   6          u8 code table[16] = {0x3f,0x06,0x5b,0x4f,0x66,0x6d,0x7d,0x07,
   7                                                  0x7f,0x6f,0x77,0x7c,0x39,0x5e,0x79,0x71};
   8          
   9          
  10          
  11          void main ()
  12          {
  13   1              P0 =  ~table [8];
  14   1      
  15   1              while(1)
  16   1              {
  17   2              }
  18   1      
  19   1      }


MODULE INFORMATION:   STATIC OVERLAYABLE
   CODE SIZE        =     10    ----
   CONSTANT SIZE    =     16    ----
   XDATA SIZE       =   ----    ----
   PDATA SIZE       =   ----    ----
   DATA SIZE        =   ----    ----
   IDATA SIZE       =   ----    ----
   BIT SIZE         =   ----    ----
END OF MODULE INFORMATION.


C51 COMPILATION COMPLETE.  0 WARNING(S),  0 ERROR(S)
