C51 COMPILER V9.57.0.0   MAIN                                                              10/07/2021 20:00:19 PAGE 1   


C51 COMPILER V9.57.0.0, COMPILATION OF MODULE MAIN
OBJECT MODULE PLACED IN main.OBJ
COMPILER INVOKED BY: D:\keil\Keil uvision5 C51°æ\keil\C51\BIN\C51.EXE main.c BROWSE DEBUG OBJECTEXTEND

line level    source

   1          #include <reg52.h>
   2          #include <intrins.h>
   3          
   4          typedef unsigned char u8;
   5          typedef unsigned int  u16;
   6          
   7          #define led P2
   8          
   9          void delay(u16 i)
  10          {       
  11   1              while(i--);
  12   1      }
  13          
  14          void main ()
  15          {               u8 i=0;
  16   1                      led = 0xfe;
  17   1                      delay (50000);
  18   1                      while (1)
  19   1                      {
  20   2                      for (i=0;i<7;i++)
  21   2                      {
  22   3                      led=_crol_(led,i);
  23   3                      delay(50000);
  24   3                      }
  25   2                      for (i=0;i<7;i++)
  26   2                      {
  27   3                      led=_cror_(led,i);
  28   3                      delay (50000);
  29   3                      }
  30   2                      
  31   2                      }
  32   1      
  33   1      }


MODULE INFORMATION:   STATIC OVERLAYABLE
   CODE SIZE        =     70    ----
   CONSTANT SIZE    =   ----    ----
   XDATA SIZE       =   ----    ----
   PDATA SIZE       =   ----    ----
   DATA SIZE        =   ----    ----
   IDATA SIZE       =   ----    ----
   BIT SIZE         =   ----    ----
END OF MODULE INFORMATION.


C51 COMPILATION COMPLETE.  0 WARNING(S),  0 ERROR(S)
