C51 COMPILER V9.57.0.0   MAIN                                                              12/24/2020 22:07:14 PAGE 1   


C51 COMPILER V9.57.0.0, COMPILATION OF MODULE MAIN
OBJECT MODULE PLACED IN main.OBJ
COMPILER INVOKED BY: D:\Keil_v5\C51\BIN\C51.EXE main.c BROWSE DEBUG OBJECTEXTEND

line level    source

   1          #include <reg52.h>
   2          typedef unsigned int u16;
   3          typedef unsigned char u8;
   4          
   5          sbit led = P2^0;
   6          
   7          void delay(u16 i)
   8          {
   9   1              while (i--);
  10   1      }
  11          void main ()
  12          {
  13   1              while (1)
  14   1              {
  15   2                led = 0;
  16   2                delay(50000);
  17   2                led  = 1;
  18   2                delay (50000);
  19   2              }
  20   1      
  21   1      }


MODULE INFORMATION:   STATIC OVERLAYABLE
   CODE SIZE        =     31    ----
   CONSTANT SIZE    =   ----    ----
   XDATA SIZE       =   ----    ----
   PDATA SIZE       =   ----    ----
   DATA SIZE        =   ----    ----
   IDATA SIZE       =   ----    ----
   BIT SIZE         =   ----    ----
END OF MODULE INFORMATION.


C51 COMPILATION COMPLETE.  0 WARNING(S),  0 ERROR(S)
