C51 COMPILER V9.57.0.0   MAIN                                                              12/27/2020 22:10:43 PAGE 1   


C51 COMPILER V9.57.0.0, COMPILATION OF MODULE MAIN
OBJECT MODULE PLACED IN main.OBJ
COMPILER INVOKED BY: D:\Keil_v5\C51\BIN\C51.EXE main.c BROWSE DEBUG OBJECTEXTEND

line level    source

   1          #include <reg51.h>
   2          typedef unsigned char u8;
   3          typedef unsigned int u16;
   4          
   5          sbit led = P2^0;
   6          sbit k1 = P3^1;
   7          void delay (u16 i)
   8          {
   9   1              while (i--);
  10   1      }
  11          void keypros ()
  12          {
  13   1      
  14   1              if (k1==0)
  15   1              {
  16   2              delay (1000);
  17   2              if (k1==0)
  18   2              {
  19   3              led = ~led;
  20   3              
  21   3              }
  22   2              while (!k1);
  23   2      }
  24   1      }
  25          void main ()
  26          {
  27   1              keypros();
  28   1      }


MODULE INFORMATION:   STATIC OVERLAYABLE
   CODE SIZE        =     33    ----
   CONSTANT SIZE    =   ----    ----
   XDATA SIZE       =   ----    ----
   PDATA SIZE       =   ----    ----
   DATA SIZE        =   ----    ----
   IDATA SIZE       =   ----    ----
   BIT SIZE         =   ----    ----
END OF MODULE INFORMATION.


C51 COMPILATION COMPLETE.  0 WARNING(S),  0 ERROR(S)
