C51 COMPILER V9.57.0.0   MAIN                                                              12/24/2020 22:54:56 PAGE 1   


C51 COMPILER V9.57.0.0, COMPILATION OF MODULE MAIN
OBJECT MODULE PLACED IN main.OBJ
COMPILER INVOKED BY: D:\Keil_v5\C51\BIN\C51.EXE main.c BROWSE DEBUG OBJECTEXTEND

line level    source

   1          #include <reg52.h>
   2          
   3          typedef unsigned char u8;
   4          typedef unsigned int  u16;
   5          
   6          sbit beep = P1^5;
   7          
   8          void delay(u16 i)
   9          {       while(i--);
  10   1      }
  11          
  12          void main ()
  13          {               
  14   1              while (1)
  15   1              {
  16   2                      beep=~beep;
  17   2                      delay(1000);
  18   2              }
  19   1      }


MODULE INFORMATION:   STATIC OVERLAYABLE
   CODE SIZE        =     22    ----
   CONSTANT SIZE    =   ----    ----
   XDATA SIZE       =   ----    ----
   PDATA SIZE       =   ----    ----
   DATA SIZE        =   ----    ----
   IDATA SIZE       =   ----    ----
   BIT SIZE         =   ----    ----
END OF MODULE INFORMATION.


C51 COMPILATION COMPLETE.  0 WARNING(S),  0 ERROR(S)
